+ echo 0,1,2,3
+ echo /share/gpu0/tl3/wandb/logs
+ echo /share/gpu0/tl3/wandb/.cache/wandb
+ echo /share/gpu0/tl3/wandb/.config/wandb
+ cd /home/tl3/repos/project-rcGAN/rcGAN
+ srun python -u train.py --mri --exp-name rcgan_test --num-gpus 4
/home/tl3/repos/project-rcGAN/rcGAN/fastmri/__init__.py:16: UserWarning: Could not retrieve fastmri version!
  warnings.warn("Could not retrieve fastmri version!")
[rank: 0] Global seed set to 0
wandb: Currently logged in as: tobias-liaudat. Use `wandb login --relogin` to force relogin
wandb: WARNING Path /share/gpu0/tl3/MRI/mri_models/wandb/wandb/ wasn't writable, using system temp directory.
wandb: WARNING Path /share/gpu0/tl3/MRI/mri_models/wandb/wandb/ wasn't writable, using system temp directory
wandb: wandb version 0.15.3 is available!  To upgrade, please run:
wandb:  $ pip install wandb --upgrade
wandb: Tracking run with wandb version 0.14.0
wandb: Run data is saved locally in /tmp/wandb/run-20230531_082049-r7ozt17i
wandb: Run `wandb offline` to turn off syncing.
wandb: Syncing run rcgan_test
wandb: ⭐️ View project at https://wandb.ai/tobias-liaudat/my_project
wandb: 🚀 View run at https://wandb.ai/tobias-liaudat/my_project/runs/r7ozt17i
GPU available: True (cuda), used: True
TPU available: False, using: 0 TPU cores
IPU available: False, using: 0 IPUs
HPU available: False, using: 0 HPUs
[rank: 0] Global seed set to 0
Initializing distributed: GLOBAL_RANK: 0, MEMBER: 1/1
[W socket.cpp:426] [c10d] The server socket cannot be initialized on [::]:21749 (errno: 97 - Address family not supported by protocol).
[W socket.cpp:601] [c10d] The client socket cannot be initialized to connect to [compute-gpu-0-4.local]:21749 (errno: 97 - Address family not supported by protocol).
[W socket.cpp:601] [c10d] The client socket cannot be initialized to connect to [compute-gpu-0-4.local]:21749 (errno: 97 - Address family not supported by protocol).
----------------------------------------------------------------------------------------------------
distributed_backend=nccl
All distributed processes registered. Starting with 1 processes
----------------------------------------------------------------------------------------------------

LOCAL_RANK: 0 - CUDA_VISIBLE_DEVICES: [0,1,2,3]

  | Name          | Type               | Params
-----------------------------------------------------
0 | generator     | UNetModel          | 195 M 
1 | discriminator | DiscriminatorModel | 6.3 M 
-----------------------------------------------------
202 M     Trainable params
0         Non-trainable params
202 M     Total params
808.655   Total estimated model params size (MB)
SLURM auto-requeueing enabled. Setting signal handlers.
`Trainer.fit` stopped: `max_epochs=100` reached.
FIT Profiler Report

--------------------------------------------------------------------------------------------------------------------------------------------------------------------------------------------------------------------------------------------------------------------------
|  Action                                                                                                                                                            	|  Mean duration (s)	|  Num calls      	|  Total time (s) 	|  Percentage %   	|
--------------------------------------------------------------------------------------------------------------------------------------------------------------------------------------------------------------------------------------------------------------------------
|  Total                                                                                                                                                             	|  -              	|  2458008        	|  7.3016e+04     	|  100 %          	|
--------------------------------------------------------------------------------------------------------------------------------------------------------------------------------------------------------------------------------------------------------------------------
|  run_training_epoch                                                                                                                                                	|  706.37         	|  100            	|  7.0637e+04     	|  96.742         	|
|  run_training_batch                                                                                                                                                	|  1.2694         	|  33900          	|  4.3034e+04     	|  58.938         	|
|  [LightningModule]rcGAN.optimizer_step                                                                                                                             	|  0.63274        	|  67800          	|  4.29e+04       	|  58.754         	|
|  [Strategy]DDPStrategy.backward                                                                                                                                    	|  0.42401        	|  67800          	|  2.8748e+04     	|  39.372         	|
|  [Strategy]DDPStrategy.training_step                                                                                                                               	|  0.15646        	|  67800          	|  1.0608e+04     	|  14.528         	|
|  [TrainingEpochLoop].train_dataloader_next                                                                                                                         	|  0.31141        	|  33900          	|  1.0557e+04     	|  14.458         	|
|  [Strategy]DDPStrategy.validation_step                                                                                                                             	|  2.8142         	|  2602           	|  7322.6         	|  10.029         	|
|  [Strategy]DDPStrategy.batch_to_device                                                                                                                             	|  0.16548        	|  36502          	|  6040.2         	|  8.2724         	|
|  [LightningModule]rcGAN.transfer_batch_to_device                                                                                                                   	|  0.16534        	|  36502          	|  6035.4         	|  8.2659         	|
|  [LightningModule]rcGAN.optimizer_zero_grad                                                                                                                        	|  0.036332       	|  67800          	|  2463.3         	|  3.3737         	|
|  [Callback]ModelCheckpoint{'monitor': 'epoch', 'mode': 'max', 'every_n_train_steps': 0, 'every_n_epochs': 1, 'train_time_interval': None}.on_train_epoch_end       	|  23.218         	|  100            	|  2321.8         	|  3.1799         	|
|  [EvaluationEpochLoop].val_dataloader_idx_0_next                                                                                                                   	|  0.33532        	|  2600           	|  871.82         	|  1.194          	|
|  [Callback]TQDMProgressBar.on_train_batch_end                                                                                                                      	|  0.001525       	|  33900          	|  51.699         	|  0.070805       	|
|  [LightningDataModule]MRIDataModule.setup                                                                                                                          	|  16.713         	|  1              	|  16.713         	|  0.02289        	|
|  [EvaluationEpochLoop].None_dataloader_idx_0_next                                                                                                                  	|  4.2773         	|  2              	|  8.5545         	|  0.011716       	|
|  [LightningModule]rcGAN.configure_gradient_clipping                                                                                                                	|  5.9381e-05     	|  67800          	|  4.0261         	|  0.005514       	|
|  [Callback]TQDMProgressBar.on_validation_batch_end                                                                                                                 	|  0.00088143     	|  2602           	|  2.2935         	|  0.0031411      	|
|  [Callback]ModelCheckpoint{'monitor': 'epoch', 'mode': 'max', 'every_n_train_steps': 0, 'every_n_epochs': 1, 'train_time_interval': None}.on_train_batch_end       	|  4.4253e-05     	|  33900          	|  1.5002         	|  0.0020546      	|
|  [Callback]TQDMProgressBar.on_after_backward                                                                                                                       	|  1.3406e-05     	|  67800          	|  0.90894        	|  0.0012449      	|
|  [Callback]TQDMProgressBar.on_before_optimizer_step                                                                                                                	|  6.1328e-06     	|  67800          	|  0.4158         	|  0.00056947     	|
|  [Callback]ModelSummary.on_after_backward                                                                                                                          	|  5.1765e-06     	|  67800          	|  0.35097        	|  0.00048067     	|
|  [LightningModule]rcGAN.on_validation_model_eval                                                                                                                   	|  0.0029084      	|  101            	|  0.29374        	|  0.0004023      	|
|  [Callback]ModelCheckpoint{'monitor': 'epoch', 'mode': 'max', 'every_n_train_steps': 0, 'every_n_epochs': 1, 'train_time_interval': None}.on_after_backward        	|  3.9212e-06     	|  67800          	|  0.26586        	|  0.00036411     	|
|  [Callback]ModelSummary.on_train_batch_end                                                                                                                         	|  7.7395e-06     	|  33900          	|  0.26237        	|  0.00035933     	|
|  [Callback]ModelSummary.on_before_optimizer_step                                                                                                                   	|  3.8531e-06     	|  67800          	|  0.26124        	|  0.00035779     	|
|  [Callback]ModelCheckpoint{'monitor': 'epoch', 'mode': 'max', 'every_n_train_steps': 0, 'every_n_epochs': 1, 'train_time_interval': None}.on_before_optimizer_step 	|  3.7578e-06     	|  67800          	|  0.25478        	|  0.00034894     	|
|  [Callback]GradientAccumulationScheduler.on_before_optimizer_step                                                                                                  	|  3.6631e-06     	|  67800          	|  0.24836        	|  0.00034014     	|
|  [Callback]GradientAccumulationScheduler.on_after_backward                                                                                                         	|  3.6229e-06     	|  67800          	|  0.24563        	|  0.00033641     	|
|  [LightningModule]rcGAN.on_after_backward                                                                                                                          	|  3.5906e-06     	|  67800          	|  0.24344        	|  0.00033341     	|
|  [Callback]TQDMProgressBar.on_train_batch_start                                                                                                                    	|  5.434e-06      	|  33900          	|  0.18421        	|  0.00025229     	|
|  [Callback]TQDMProgressBar.on_before_zero_grad                                                                                                                     	|  2.7054e-06     	|  67800          	|  0.18343        	|  0.00025121     	|
|  [LightningModule]rcGAN.on_before_optimizer_step                                                                                                                   	|  2.5319e-06     	|  67800          	|  0.17166        	|  0.0002351      	|
|  [Callback]TQDMProgressBar.on_before_backward                                                                                                                      	|  2.3281e-06     	|  67800          	|  0.15784        	|  0.00021618     	|
|  [LightningModule]rcGAN.validation_epoch_end                                                                                                                       	|  0.0015092      	|  101            	|  0.15243        	|  0.00020876     	|
|  [Callback]TQDMProgressBar.on_validation_batch_start                                                                                                               	|  5.6711e-05     	|  2602           	|  0.14756        	|  0.00020209     	|
|  [LightningModule]rcGAN.training_step_end                                                                                                                          	|  2.1031e-06     	|  67800          	|  0.14259        	|  0.00019529     	|
|  [LightningModule]rcGAN.on_before_batch_transfer                                                                                                                   	|  3.5519e-06     	|  36502          	|  0.12965        	|  0.00017757     	|
|  [Callback]TQDMProgressBar.on_validation_start                                                                                                                     	|  0.0012639      	|  101            	|  0.12765        	|  0.00017483     	|
|  [LightningModule]rcGAN.on_validation_model_train                                                                                                                  	|  0.001163       	|  101            	|  0.11746        	|  0.00016088     	|
|  [Callback]TQDMProgressBar.on_train_epoch_start                                                                                                                    	|  0.0010673      	|  100            	|  0.10673        	|  0.00014618     	|
|  [LightningModule]rcGAN.on_before_zero_grad                                                                                                                        	|  1.5311e-06     	|  67800          	|  0.10381        	|  0.00014218     	|
|  [Strategy]DDPStrategy.training_step_end                                                                                                                           	|  1.3871e-06     	|  67800          	|  0.094043       	|  0.0001288      	|
|  [LightningModule]rcGAN.on_before_backward                                                                                                                         	|  1.3526e-06     	|  67800          	|  0.091707       	|  0.0001256      	|
|  [Callback]ModelSummary.on_before_zero_grad                                                                                                                        	|  1.3223e-06     	|  67800          	|  0.089652       	|  0.00012278     	|
|  [Callback]TQDMProgressBar.on_validation_end                                                                                                                       	|  0.00086104     	|  101            	|  0.086966       	|  0.00011911     	|
|  [Callback]ModelSummary.on_before_backward                                                                                                                         	|  1.2158e-06     	|  67800          	|  0.082431       	|  0.00011289     	|
|  [Callback]ModelCheckpoint{'monitor': 'epoch', 'mode': 'max', 'every_n_train_steps': 0, 'every_n_epochs': 1, 'train_time_interval': None}.on_before_zero_grad      	|  1.186e-06      	|  67800          	|  0.080412       	|  0.00011013     	|
|  [Callback]ModelCheckpoint{'monitor': 'epoch', 'mode': 'max', 'every_n_train_steps': 0, 'every_n_epochs': 1, 'train_time_interval': None}.on_before_backward       	|  1.1324e-06     	|  67800          	|  0.076777       	|  0.00010515     	|
|  [Callback]GradientAccumulationScheduler.on_train_batch_end                                                                                                        	|  2.1897e-06     	|  33900          	|  0.074232       	|  0.00010167     	|
|  [Callback]GradientAccumulationScheduler.on_before_zero_grad                                                                                                       	|  1.092e-06      	|  67800          	|  0.074039       	|  0.0001014      	|
|  [Callback]GradientAccumulationScheduler.on_before_backward                                                                                                        	|  1.0683e-06     	|  67800          	|  0.072432       	|  9.92e-05       	|
|  [LightningModule]rcGAN.on_after_batch_transfer                                                                                                                    	|  1.8526e-06     	|  36502          	|  0.067624       	|  9.2616e-05     	|
|  [LightningModule]rcGAN.on_train_batch_end                                                                                                                         	|  1.9269e-06     	|  33900          	|  0.065323       	|  8.9465e-05     	|
|  [Callback]ModelSummary.on_train_batch_start                                                                                                                       	|  1.4824e-06     	|  33900          	|  0.050253       	|  6.8825e-05     	|
|  [LightningModule]rcGAN.on_train_batch_start                                                                                                                       	|  1.4242e-06     	|  33900          	|  0.048282       	|  6.6125e-05     	|
|  [Callback]GradientAccumulationScheduler.on_train_batch_start                                                                                                      	|  1.2755e-06     	|  33900          	|  0.043241       	|  5.9221e-05     	|
|  [Callback]ModelCheckpoint{'monitor': 'epoch', 'mode': 'max', 'every_n_train_steps': 0, 'every_n_epochs': 1, 'train_time_interval': None}.on_train_batch_start     	|  1.2635e-06     	|  33900          	|  0.042834       	|  5.8664e-05     	|
|  [Callback]TQDMProgressBar.on_train_epoch_end                                                                                                                      	|  0.00040766     	|  100            	|  0.040766       	|  5.5832e-05     	|
|  [Strategy]DDPStrategy.on_train_batch_start                                                                                                                        	|  1.1931e-06     	|  33900          	|  0.040446       	|  5.5394e-05     	|
|  [Callback]ModelSummary.on_validation_batch_end                                                                                                                    	|  7.3265e-06     	|  2602           	|  0.019064       	|  2.6109e-05     	|
|  [Callback]ModelSummary.on_fit_start                                                                                                                               	|  0.017483       	|  1              	|  0.017483       	|  2.3944e-05     	|
|  [Callback]ModelCheckpoint{'monitor': 'epoch', 'mode': 'max', 'every_n_train_steps': 0, 'every_n_epochs': 1, 'train_time_interval': None}.on_validation_end        	|  0.00010043     	|  101            	|  0.010143       	|  1.3892e-05     	|
|  [LightningModule]rcGAN.validation_step_end                                                                                                                        	|  2.9473e-06     	|  2602           	|  0.007669       	|  1.0503e-05     	|
|  [Callback]ModelSummary.on_validation_batch_start                                                                                                                  	|  2.4613e-06     	|  2602           	|  0.0064043      	|  8.7711e-06     	|
|  [LightningModule]rcGAN.on_validation_batch_end                                                                                                                    	|  1.7937e-06     	|  2602           	|  0.0046673      	|  6.3922e-06     	|
|  [Callback]GradientAccumulationScheduler.on_validation_batch_end                                                                                                   	|  1.6219e-06     	|  2602           	|  0.0042203      	|  5.78e-06       	|
|  [LightningModule]rcGAN.on_validation_batch_start                                                                                                                  	|  1.5054e-06     	|  2602           	|  0.0039171      	|  5.3648e-06     	|
|  [Callback]ModelCheckpoint{'monitor': 'epoch', 'mode': 'max', 'every_n_train_steps': 0, 'every_n_epochs': 1, 'train_time_interval': None}.on_validation_batch_end  	|  1.487e-06      	|  2602           	|  0.0038692      	|  5.2991e-06     	|
|  [Strategy]DDPStrategy.validation_step_end                                                                                                                         	|  1.299e-06      	|  2602           	|  0.00338        	|  4.6292e-06     	|
|  [Callback]ModelCheckpoint{'monitor': 'epoch', 'mode': 'max', 'every_n_train_steps': 0, 'every_n_epochs': 1, 'train_time_interval': None}.on_validation_batch_start	|  1.2409e-06     	|  2602           	|  0.0032289      	|  4.4222e-06     	|
|  [Callback]GradientAccumulationScheduler.on_validation_batch_start                                                                                                 	|  1.2394e-06     	|  2602           	|  0.003225       	|  4.4169e-06     	|
|  [Callback]TQDMProgressBar.on_sanity_check_start                                                                                                                   	|  0.0013346      	|  1              	|  0.0013346      	|  1.8278e-06     	|
|  [Callback]ModelCheckpoint{'monitor': 'epoch', 'mode': 'max', 'every_n_train_steps': 0, 'every_n_epochs': 1, 'train_time_interval': None}.setup                    	|  0.0013258      	|  1              	|  0.0013258      	|  1.8158e-06     	|
|  [Callback]GradientAccumulationScheduler.on_train_epoch_start                                                                                                      	|  9.5591e-06     	|  100            	|  0.00095591     	|  1.3092e-06     	|
|  [Callback]ModelSummary.on_validation_start                                                                                                                        	|  9.4631e-06     	|  101            	|  0.00095577     	|  1.309e-06      	|
|  [Callback]TQDMProgressBar.on_validation_epoch_end                                                                                                                 	|  9.272e-06      	|  101            	|  0.00093647     	|  1.2826e-06     	|
|  [Callback]ModelSummary.on_train_epoch_start                                                                                                                       	|  9.007e-06      	|  100            	|  0.0009007      	|  1.2336e-06     	|
|  [LightningModule]rcGAN.configure_optimizers                                                                                                                       	|  0.00082684     	|  1              	|  0.00082684     	|  1.1324e-06     	|
|  [LightningModule]rcGAN.on_save_checkpoint                                                                                                                         	|  8.0611e-06     	|  100            	|  0.00080611     	|  1.104e-06      	|
|  [Callback]TQDMProgressBar.on_validation_epoch_start                                                                                                               	|  6.7536e-06     	|  101            	|  0.00068211     	|  9.342e-07      	|
|  [Callback]ModelSummary.on_validation_end                                                                                                                          	|  6.4717e-06     	|  101            	|  0.00065364     	|  8.952e-07      	|
|  [LightningDataModule]MRIDataModule.state_dict                                                                                                                     	|  6.4467e-06     	|  100            	|  0.00064467     	|  8.8292e-07     	|
|  [Callback]ModelSummary.on_train_epoch_end                                                                                                                         	|  5.9417e-06     	|  100            	|  0.00059417     	|  8.1376e-07     	|
|  [Callback]TQDMProgressBar.on_train_end                                                                                                                            	|  0.00054883     	|  1              	|  0.00054883     	|  7.5166e-07     	|
|  [LightningModule]rcGAN.on_validation_epoch_end                                                                                                                    	|  5.3761e-06     	|  101            	|  0.00054299     	|  7.4366e-07     	|
|  [Callback]TQDMProgressBar.on_train_start                                                                                                                          	|  0.00050872     	|  1              	|  0.00050872     	|  6.9673e-07     	|
|  [Strategy]DDPStrategy.on_validation_end                                                                                                                           	|  4.8465e-06     	|  101            	|  0.0004895      	|  6.704e-07      	|
|  [LightningModule]rcGAN.on_train_epoch_end                                                                                                                         	|  4.3468e-06     	|  100            	|  0.00043468     	|  5.9532e-07     	|
|  [Callback]ModelCheckpoint{'monitor': 'epoch', 'mode': 'max', 'every_n_train_steps': 0, 'every_n_epochs': 1, 'train_time_interval': None}.on_validation_start      	|  3.7597e-06     	|  101            	|  0.00037973     	|  5.2006e-07     	|
|  [Callback]GradientAccumulationScheduler.on_validation_start                                                                                                       	|  3.4993e-06     	|  101            	|  0.00035343     	|  4.8405e-07     	|
|  [Callback]ModelSummary.on_validation_epoch_start                                                                                                                  	|  3.4195e-06     	|  101            	|  0.00034537     	|  4.73e-07       	|
|  [Callback]GradientAccumulationScheduler.on_validation_epoch_start                                                                                                 	|  3.0469e-06     	|  101            	|  0.00030773     	|  4.2146e-07     	|
|  [Callback]ModelCheckpoint{'monitor': 'epoch', 'mode': 'max', 'every_n_train_steps': 0, 'every_n_epochs': 1, 'train_time_interval': None}.on_validation_epoch_start	|  2.9151e-06     	|  101            	|  0.00029442     	|  4.0323e-07     	|
|  [LightningModule]rcGAN.on_validation_start                                                                                                                        	|  2.7646e-06     	|  101            	|  0.00027922     	|  3.8241e-07     	|
|  [Callback]ModelCheckpoint{'monitor': 'epoch', 'mode': 'max', 'every_n_train_steps': 0, 'every_n_epochs': 1, 'train_time_interval': None}.on_train_epoch_start     	|  2.7767e-06     	|  100            	|  0.00027767     	|  3.8028e-07     	|
|  [LightningModule]rcGAN.on_train_epoch_start                                                                                                                       	|  2.3859e-06     	|  100            	|  0.00023859     	|  3.2676e-07     	|
|  [Strategy]DDPStrategy.on_validation_start                                                                                                                         	|  2.277e-06      	|  101            	|  0.00022997     	|  3.1496e-07     	|
|  [LightningModule]rcGAN.on_validation_epoch_start                                                                                                                  	|  2.2286e-06     	|  101            	|  0.00022508     	|  3.0827e-07     	|
|  [Callback]TQDMProgressBar.on_save_checkpoint                                                                                                                      	|  2.1208e-06     	|  100            	|  0.00021208     	|  2.9046e-07     	|
|  [Callback]GradientAccumulationScheduler.on_train_epoch_end                                                                                                        	|  1.7716e-06     	|  100            	|  0.00017716     	|  2.4263e-07     	|
|  [Callback]GradientAccumulationScheduler.on_validation_end                                                                                                         	|  1.6446e-06     	|  101            	|  0.00016611     	|  2.275e-07      	|
|  [Callback]GradientAccumulationScheduler.on_save_checkpoint                                                                                                        	|  1.4136e-06     	|  100            	|  0.00014136     	|  1.936e-07      	|
|  [LightningModule]rcGAN.on_validation_end                                                                                                                          	|  1.3405e-06     	|  101            	|  0.00013539     	|  1.8543e-07     	|
|  [Callback]ModelCheckpoint{'monitor': 'epoch', 'mode': 'max', 'every_n_train_steps': 0, 'every_n_epochs': 1, 'train_time_interval': None}.on_save_checkpoint       	|  1.3164e-06     	|  100            	|  0.00013164     	|  1.8029e-07     	|
|  [Callback]ModelSummary.on_save_checkpoint                                                                                                                         	|  1.3084e-06     	|  100            	|  0.00013084     	|  1.792e-07      	|
|  [Callback]ModelSummary.on_validation_epoch_end                                                                                                                    	|  1.2878e-06     	|  101            	|  0.00013007     	|  1.7814e-07     	|
|  [Callback]GradientAccumulationScheduler.on_validation_epoch_end                                                                                                   	|  1.1742e-06     	|  101            	|  0.0001186      	|  1.6243e-07     	|
|  [Callback]ModelCheckpoint{'monitor': 'epoch', 'mode': 'max', 'every_n_train_steps': 0, 'every_n_epochs': 1, 'train_time_interval': None}.on_validation_epoch_end  	|  1.0659e-06     	|  101            	|  0.00010766     	|  1.4744e-07     	|
|  [Callback]TQDMProgressBar.setup                                                                                                                                   	|  6.1454e-05     	|  1              	|  6.1454e-05     	|  8.4166e-08     	|
|  [Callback]TQDMProgressBar.on_fit_start                                                                                                                            	|  1.0774e-05     	|  1              	|  1.0774e-05     	|  1.4756e-08     	|
|  [LightningModule]rcGAN.configure_callbacks                                                                                                                        	|  1.056e-05      	|  1              	|  1.056e-05      	|  1.4463e-08     	|
|  [Callback]TQDMProgressBar.on_fit_end                                                                                                                              	|  9.3321e-06     	|  1              	|  9.3321e-06     	|  1.2781e-08     	|
|  [Callback]TQDMProgressBar.on_sanity_check_end                                                                                                                     	|  8.5009e-06     	|  1              	|  8.5009e-06     	|  1.1643e-08     	|
|  [LightningDataModule]MRIDataModule.prepare_data                                                                                                                   	|  8.0268e-06     	|  1              	|  8.0268e-06     	|  1.0993e-08     	|
|  [Callback]ModelSummary.on_sanity_check_start                                                                                                                      	|  7.7048e-06     	|  1              	|  7.7048e-06     	|  1.0552e-08     	|
|  [Callback]GradientAccumulationScheduler.on_fit_start                                                                                                              	|  6.876e-06      	|  1              	|  6.876e-06      	|  9.4171e-09     	|
|  [LightningModule]rcGAN.on_fit_start                                                                                                                               	|  6.4149e-06     	|  1              	|  6.4149e-06     	|  8.7857e-09     	|
|  [Callback]ModelSummary.setup                                                                                                                                      	|  6.1831e-06     	|  1              	|  6.1831e-06     	|  8.4681e-09     	|
|  [LightningModule]rcGAN.setup                                                                                                                                      	|  5.4769e-06     	|  1              	|  5.4769e-06     	|  7.501e-09      	|
|  [Callback]ModelSummary.on_train_end                                                                                                                               	|  5.427e-06      	|  1              	|  5.427e-06      	|  7.4327e-09     	|
|  [LightningModule]rcGAN.configure_sharded_model                                                                                                                    	|  5.102e-06      	|  1              	|  5.102e-06      	|  6.9876e-09     	|
|  [Callback]GradientAccumulationScheduler.setup                                                                                                                     	|  4.4149e-06     	|  1              	|  4.4149e-06     	|  6.0466e-09     	|
|  [Callback]TQDMProgressBar.teardown                                                                                                                                	|  4.255e-06      	|  1              	|  4.255e-06      	|  5.8275e-09     	|
|  [Callback]ModelSummary.on_train_start                                                                                                                             	|  4.227e-06      	|  1              	|  4.227e-06      	|  5.7892e-09     	|
|  [LightningDataModule]MRIDataModule.teardown                                                                                                                       	|  3.8461e-06     	|  1              	|  3.8461e-06     	|  5.2675e-09     	|
|  [LightningModule]rcGAN.prepare_data                                                                                                                               	|  3.655e-06      	|  1              	|  3.655e-06      	|  5.0057e-09     	|
|  [Callback]ModelCheckpoint{'monitor': 'epoch', 'mode': 'max', 'every_n_train_steps': 0, 'every_n_epochs': 1, 'train_time_interval': None}.teardown                 	|  3.4969e-06     	|  1              	|  3.4969e-06     	|  4.7892e-09     	|
|  [Callback]ModelSummary.on_fit_end                                                                                                                                 	|  3.496e-06      	|  1              	|  3.496e-06      	|  4.7879e-09     	|
|  [Callback]ModelCheckpoint{'monitor': 'epoch', 'mode': 'max', 'every_n_train_steps': 0, 'every_n_epochs': 1, 'train_time_interval': None}.on_train_start           	|  3.3199e-06     	|  1              	|  3.3199e-06     	|  4.5469e-09     	|
|  [Callback]ModelCheckpoint{'monitor': 'epoch', 'mode': 'max', 'every_n_train_steps': 0, 'every_n_epochs': 1, 'train_time_interval': None}.on_fit_start             	|  3.251e-06      	|  1              	|  3.251e-06      	|  4.4525e-09     	|
|  [Callback]ModelSummary.teardown                                                                                                                                   	|  3.1851e-06     	|  1              	|  3.1851e-06     	|  4.3622e-09     	|
|  [Callback]GradientAccumulationScheduler.on_sanity_check_start                                                                                                     	|  3.1772e-06     	|  1              	|  3.1772e-06     	|  4.3514e-09     	|
|  [Callback]GradientAccumulationScheduler.on_fit_end                                                                                                                	|  2.8999e-06     	|  1              	|  2.8999e-06     	|  3.9716e-09     	|
|  [Callback]ModelCheckpoint{'monitor': 'epoch', 'mode': 'max', 'every_n_train_steps': 0, 'every_n_epochs': 1, 'train_time_interval': None}.on_sanity_check_start    	|  2.8978e-06     	|  1              	|  2.8978e-06     	|  3.9688e-09     	|
|  [Callback]ModelCheckpoint{'monitor': 'epoch', 'mode': 'max', 'every_n_train_steps': 0, 'every_n_epochs': 1, 'train_time_interval': None}.on_fit_end               	|  2.773e-06      	|  1              	|  2.773e-06      	|  3.7978e-09     	|
|  [LightningModule]rcGAN.on_fit_end                                                                                                                                 	|  2.7539e-06     	|  1              	|  2.7539e-06     	|  3.7717e-09     	|
|  [Callback]GradientAccumulationScheduler.teardown                                                                                                                  	|  2.5078e-06     	|  1              	|  2.5078e-06     	|  3.4346e-09     	|
|  [LightningModule]rcGAN.teardown                                                                                                                                   	|  2.0801e-06     	|  1              	|  2.0801e-06     	|  2.8489e-09     	|
|  [Callback]ModelSummary.on_sanity_check_end                                                                                                                        	|  2.0529e-06     	|  1              	|  2.0529e-06     	|  2.8115e-09     	|
|  [Callback]GradientAccumulationScheduler.on_train_end                                                                                                              	|  1.617e-06      	|  1              	|  1.617e-06      	|  2.2146e-09     	|
|  [LightningModule]rcGAN.on_train_end                                                                                                                               	|  1.6009e-06     	|  1              	|  1.6009e-06     	|  2.1926e-09     	|
|  [Callback]GradientAccumulationScheduler.on_train_start                                                                                                            	|  1.5779e-06     	|  1              	|  1.5779e-06     	|  2.161e-09      	|
|  [Callback]GradientAccumulationScheduler.on_sanity_check_end                                                                                                       	|  1.4619e-06     	|  1              	|  1.4619e-06     	|  2.0022e-09     	|
|  [Callback]ModelCheckpoint{'monitor': 'epoch', 'mode': 'max', 'every_n_train_steps': 0, 'every_n_epochs': 1, 'train_time_interval': None}.on_train_end             	|  1.4391e-06     	|  1              	|  1.4391e-06     	|  1.971e-09      	|
|  [LightningModule]rcGAN.on_train_start                                                                                                                             	|  1.4191e-06     	|  1              	|  1.4191e-06     	|  1.9436e-09     	|
|  [Callback]ModelCheckpoint{'monitor': 'epoch', 'mode': 'max', 'every_n_train_steps': 0, 'every_n_epochs': 1, 'train_time_interval': None}.on_sanity_check_end      	|  1.373e-06      	|  1              	|  1.373e-06      	|  1.8804e-09     	|
|  [Strategy]DDPStrategy.on_train_end                                                                                                                                	|  1.3439e-06     	|  1              	|  1.3439e-06     	|  1.8406e-09     	|
|  [Strategy]DDPStrategy.on_train_start                                                                                                                              	|  9.8604e-07     	|  1              	|  9.8604e-07     	|  1.3504e-09     	|
--------------------------------------------------------------------------------------------------------------------------------------------------------------------------------------------------------------------------------------------------------------------------

wandb: Waiting for W&B process to finish... (success).
wandb: 
wandb: Run history:
wandb:              d_loss ▁▅▃▆▅▃▆▆▆▆▄▆▅▇▆▇▇▅▅▅▅▇▇█▆▇▆▆█▆▇▇▆▅▆▅█▆▆▆
wandb:               epoch ▁▁▁▂▂▂▂▂▂▃▃▃▃▃▃▄▄▄▄▄▅▅▅▅▅▅▆▆▆▆▆▇▇▇▇▇▇███
wandb:              g_loss █▁▂▂▂▂▂▂▂▂▂▂▂▂▂▂▂▂▂▂▂▂▂▂▂▂▂▂▂▂▂▂▂▂▂▂▂▂▂▂
wandb:         psnr_1_step ▃▆▆▅▄▆▆▆▆▁▅▅▅▆▆▇▆▆▇▆▆▇▆▆▇▇▆█▅█▇▅▇▆▇▆▇▇▇▆
wandb:         psnr_8_step ▁▃▅▄▄▅▅▅▇▄▆▆▅▆▆▇▆▆▇▇▆█▆▆▇▇▆█▅█▇▅▇▇█▆▇▇▇▇
wandb: trainer/global_step ▁▁▁▂▁▁▁▂▂▃▃▁▁▃▄▄▄▁▁▁▅▅▅▅▁▁▆▆▆▆▁▁▁▇▇▇▇▁▁█
wandb: 
wandb: Run summary:
wandb:              d_loss -26.44679
wandb:               epoch 99
wandb:              g_loss 0.08173
wandb:         psnr_1_step 33.39832
wandb:         psnr_8_step 36.24346
wandb: trainer/global_step 2599
wandb: 
wandb: 🚀 View run rcgan_test at: https://wandb.ai/tobias-liaudat/my_project/runs/r7ozt17i
wandb: Synced 6 W&B file(s), 63 media file(s), 102 artifact file(s) and 0 other file(s)
wandb: Find logs at: /tmp/wandb/run-20230531_082049-r7ozt17i/logs
